2017-12-05 11:49:09.336  INFO 2396 --- [restartedMain] com.sf.iguess.survey.Application         : Starting Application on SF00618721A with PID 2396 (E:\match\esg-clpp-core-server-618721\ngsoc-application-survey\smart-webapp-survey\target\classes started by 618721 in E:\match\esg-clpp-core-server-618721\ngsoc-application-survey\smart-webapp-survey)
2017-12-05 11:49:09.337  INFO 2396 --- [restartedMain] com.sf.iguess.survey.Application         : No active profile set, falling back to default profiles: default
2017-12-05 11:49:09.804  INFO 2396 --- [restartedMain] ationConfigEmbeddedWebApplicationContext : Refreshing org.springframework.boot.context.embedded.AnnotationConfigEmbeddedWebApplicationContext@113289ed: startup date [Tue Dec 05 11:49:09 CST 2017]; root of context hierarchy
2017-12-05 11:49:13.368  INFO 2396 --- [restartedMain] s.b.c.e.t.TomcatEmbeddedServletContainer : Tomcat initialized with port(s): 9090 (http)
2017-12-05 11:49:13.388  INFO 2396 --- [restartedMain] o.apache.catalina.core.StandardService   : Starting service [Tomcat]
2017-12-05 11:49:13.389  INFO 2396 --- [restartedMain] org.apache.catalina.core.StandardEngine  : Starting Servlet Engine: Apache Tomcat/8.5.23
2017-12-05 11:49:13.617  INFO 2396 --- [localhost-startStop-1] o.a.c.c.C.[Tomcat].[localhost].[/]       : Initializing Spring embedded WebApplicationContext
2017-12-05 11:49:13.618  INFO 2396 --- [localhost-startStop-1] o.s.web.context.ContextLoader            : Root WebApplicationContext: initialization completed in 3844 ms
2017-12-05 11:49:13.989  INFO 2396 --- [localhost-startStop-1] o.s.b.w.servlet.ServletRegistrationBean  : Mapping servlet: 'dispatcherServlet' to [/]
2017-12-05 11:49:13.992  INFO 2396 --- [localhost-startStop-1] o.s.b.w.servlet.ServletRegistrationBean  : Mapping servlet: 'statViewServlet' to [/druid/*]
2017-12-05 11:49:13.999  INFO 2396 --- [localhost-startStop-1] o.s.b.w.servlet.FilterRegistrationBean   : Mapping filter: 'characterEncodingFilter' to: [/*]
2017-12-05 11:49:13.999  INFO 2396 --- [localhost-startStop-1] o.s.b.w.servlet.FilterRegistrationBean   : Mapping filter: 'hiddenHttpMethodFilter' to: [/*]
2017-12-05 11:49:13.999  INFO 2396 --- [localhost-startStop-1] o.s.b.w.servlet.FilterRegistrationBean   : Mapping filter: 'httpPutFormContentFilter' to: [/*]
2017-12-05 11:49:14.000  INFO 2396 --- [localhost-startStop-1] o.s.b.w.servlet.FilterRegistrationBean   : Mapping filter: 'requestContextFilter' to: [/*]
2017-12-05 11:49:14.000  INFO 2396 --- [localhost-startStop-1] o.s.b.w.servlet.FilterRegistrationBean   : Mapping filter: 'webStatFilter' to urls: [/*]
2017-12-05 11:49:15.293  INFO 2396 --- [restartedMain] s.w.s.m.m.a.RequestMappingHandlerAdapter : Looking for @ControllerAdvice: org.springframework.boot.context.embedded.AnnotationConfigEmbeddedWebApplicationContext@113289ed: startup date [Tue Dec 05 11:49:09 CST 2017]; root of context hierarchy
2017-12-05 11:49:15.646  INFO 2396 --- [restartedMain] s.w.s.m.m.a.RequestMappingHandlerMapping : Mapped "{[/html],methods=[GET]}" onto public java.lang.String com.sf.iguess.survey.controller.HtmlController.html()
2017-12-05 11:49:15.650  INFO 2396 --- [restartedMain] s.w.s.m.m.a.RequestMappingHandlerMapping : Mapped "{[/answerPage/questionsView],methods=[GET]}" onto public com.sf.iguess.response.JsonResult com.sf.iguess.survey.controller.SurveyPageController.questionsView(java.lang.Integer)
2017-12-05 11:49:15.650  INFO 2396 --- [restartedMain] s.w.s.m.m.a.RequestMappingHandlerMapping : Mapped "{[/answerPage/postAnswer],methods=[POST]}" onto public com.sf.iguess.response.JsonResult com.sf.iguess.survey.controller.SurveyPageController.postAnswer()
2017-12-05 11:49:15.653  INFO 2396 --- [restartedMain] s.w.s.m.m.a.RequestMappingHandlerMapping : Mapped "{[/templates],methods=[GET]}" onto java.lang.String com.sf.iguess.survey.controller.TemplatesController.templates(javax.servlet.http.HttpServletRequest)
2017-12-05 11:49:15.662  INFO 2396 --- [restartedMain] s.w.s.m.m.a.RequestMappingHandlerMapping : Mapped "{[/error]}" onto public org.springframework.http.ResponseEntity<java.util.Map<java.lang.String, java.lang.Object>> org.springframework.boot.autoconfigure.web.BasicErrorController.error(javax.servlet.http.HttpServletRequest)
2017-12-05 11:49:15.668  INFO 2396 --- [restartedMain] s.w.s.m.m.a.RequestMappingHandlerMapping : Mapped "{[/error],produces=[text/html]}" onto public org.springframework.web.servlet.ModelAndView org.springframework.boot.autoconfigure.web.BasicErrorController.errorHtml(javax.servlet.http.HttpServletRequest,javax.servlet.http.HttpServletResponse)
2017-12-05 11:49:15.726  INFO 2396 --- [restartedMain] o.s.w.s.handler.SimpleUrlHandlerMapping  : Mapped URL path [/webjars/**] onto handler of type [class org.springframework.web.servlet.resource.ResourceHttpRequestHandler]
2017-12-05 11:49:15.727  INFO 2396 --- [restartedMain] o.s.w.s.handler.SimpleUrlHandlerMapping  : Mapped URL path [/**] onto handler of type [class org.springframework.web.servlet.resource.ResourceHttpRequestHandler]
2017-12-05 11:49:15.788  INFO 2396 --- [restartedMain] o.s.w.s.handler.SimpleUrlHandlerMapping  : Mapped URL path [/**/favicon.ico] onto handler of type [class org.springframework.web.servlet.resource.ResourceHttpRequestHandler]
2017-12-05 11:49:16.171  INFO 2396 --- [restartedMain] oConfiguration$WelcomePageHandlerMapping : Adding welcome page: class path resource [static/index.html]
2017-12-05 11:49:16.467  INFO 2396 --- [restartedMain] o.s.b.d.a.OptionalLiveReloadServer       : LiveReload server is running on port 35729
2017-12-05 11:49:16.537  INFO 2396 --- [restartedMain] o.s.j.e.a.AnnotationMBeanExporter        : Registering beans for JMX exposure on startup
2017-12-05 11:49:16.540  INFO 2396 --- [restartedMain] o.s.j.e.a.AnnotationMBeanExporter        : Bean with name 'dataSource' has been autodetected for JMX exposure
2017-12-05 11:49:16.546  INFO 2396 --- [restartedMain] o.s.j.e.a.AnnotationMBeanExporter        : Located MBean 'dataSource': registering with JMX server as MBean [com.alibaba.druid.pool:name=dataSource,type=DruidDataSource]
2017-12-05 11:49:16.898  INFO 2396 --- [restartedMain] s.b.c.e.t.TomcatEmbeddedServletContainer : Tomcat started on port(s): 9090 (http)
2017-12-05 11:49:16.915  INFO 2396 --- [restartedMain] com.sf.iguess.survey.Application         : Started Application in 8.118 seconds (JVM running for 9.881)
2017-12-05 11:49:35.593  INFO 2396 --- [http-nio-9090-exec-1] o.a.c.c.C.[Tomcat].[localhost].[/]       : Initializing Spring FrameworkServlet 'dispatcherServlet'
2017-12-05 11:49:35.593  INFO 2396 --- [http-nio-9090-exec-1] o.s.web.servlet.DispatcherServlet        : FrameworkServlet 'dispatcherServlet': initialization started
2017-12-05 11:49:35.627  INFO 2396 --- [http-nio-9090-exec-1] o.s.web.servlet.DispatcherServlet        : FrameworkServlet 'dispatcherServlet': initialization completed in 33 ms
2017-12-05 11:49:36.500  INFO 2396 --- [http-nio-9090-exec-6] com.alibaba.druid.pool.DruidDataSource   : {dataSource-1} inited
2017-12-05 11:49:36.548  INFO 2396 --- [http-nio-9090-exec-6] o.s.b.f.xml.XmlBeanDefinitionReader      : Loading XML bean definitions from class path resource [org/springframework/jdbc/support/sql-error-codes.xml]
2017-12-05 11:49:36.646  INFO 2396 --- [http-nio-9090-exec-6] o.s.jdbc.support.SQLErrorCodesFactory    : SQLErrorCodes loaded: [DB2, Derby, H2, HSQL, Informix, MS-SQL, MySQL, Oracle, PostgreSQL, Sybase, Hana]
2017-12-05 11:49:36.668 ERROR 2396 --- [http-nio-9090-exec-6] o.a.c.c.C.[.[.[/].[dispatcherServlet]    : Servlet.service() for servlet [dispatcherServlet] in context with path [] threw exception [Request processing failed; nested exception is org.springframework.jdbc.BadSqlGrammarException: 
### Error querying database.  Cause: com.mysql.jdbc.exceptions.jdbc4.MySQLSyntaxErrorException: You have an error in your SQL syntax; check the manual that corresponds to your MySQL server version for the right syntax to use near 'order
	  from tm_question where survey_type = 1 and visable = 1' at line 2
### The error may exist in file [E:\match\esg-clpp-core-server-618721\ngsoc-application-survey\smart-webapp-survey\target\classes\mapper\question.xml]
### The error may involve com.sf.iguess.survey.mapper.QuestionDao.selectQuestion-Inline
### The error occurred while setting parameters
### SQL: select     question_id, question_title, question_type_str, question_subtype_str,must_filled,need_file,order    from tm_question where survey_type = ? and visable = 1;
### Cause: com.mysql.jdbc.exceptions.jdbc4.MySQLSyntaxErrorException: You have an error in your SQL syntax; check the manual that corresponds to your MySQL server version for the right syntax to use near 'order
	  from tm_question where survey_type = 1 and visable = 1' at line 2
; bad SQL grammar []; nested exception is com.mysql.jdbc.exceptions.jdbc4.MySQLSyntaxErrorException: You have an error in your SQL syntax; check the manual that corresponds to your MySQL server version for the right syntax to use near 'order
	  from tm_question where survey_type = 1 and visable = 1' at line 2] with root cause

com.mysql.jdbc.exceptions.jdbc4.MySQLSyntaxErrorException: You have an error in your SQL syntax; check the manual that corresponds to your MySQL server version for the right syntax to use near 'order
	  from tm_question where survey_type = 1 and visable = 1' at line 2
	at sun.reflect.NativeConstructorAccessorImpl.newInstance0(Native Method) ~[na:1.8.0_101]
	at sun.reflect.NativeConstructorAccessorImpl.newInstance(Unknown Source) ~[na:1.8.0_101]
	at sun.reflect.DelegatingConstructorAccessorImpl.newInstance(Unknown Source) ~[na:1.8.0_101]
	at java.lang.reflect.Constructor.newInstance(Unknown Source) ~[na:1.8.0_101]
	at com.mysql.jdbc.Util.handleNewInstance(Util.java:408) ~[mysql-connector-java-5.1.32.jar:na]
	at com.mysql.jdbc.Util.getInstance(Util.java:383) ~[mysql-connector-java-5.1.32.jar:na]
	at com.mysql.jdbc.SQLError.createSQLException(SQLError.java:1062) ~[mysql-connector-java-5.1.32.jar:na]
	at com.mysql.jdbc.MysqlIO.checkErrorPacket(MysqlIO.java:4208) ~[mysql-connector-java-5.1.32.jar:na]
	at com.mysql.jdbc.MysqlIO.checkErrorPacket(MysqlIO.java:4140) ~[mysql-connector-java-5.1.32.jar:na]
	at com.mysql.jdbc.MysqlIO.sendCommand(MysqlIO.java:2597) ~[mysql-connector-java-5.1.32.jar:na]
	at com.mysql.jdbc.MysqlIO.sqlQueryDirect(MysqlIO.java:2758) ~[mysql-connector-java-5.1.32.jar:na]
	at com.mysql.jdbc.ConnectionImpl.execSQL(ConnectionImpl.java:2826) ~[mysql-connector-java-5.1.32.jar:na]
	at com.mysql.jdbc.PreparedStatement.executeInternal(PreparedStatement.java:2082) ~[mysql-connector-java-5.1.32.jar:na]
	at com.mysql.jdbc.PreparedStatement.execute(PreparedStatement.java:1302) ~[mysql-connector-java-5.1.32.jar:na]
	at com.alibaba.druid.filter.FilterChainImpl.preparedStatement_execute(FilterChainImpl.java:3005) ~[druid-1.1.0.jar:1.1.0]
	at com.alibaba.druid.filter.FilterEventAdapter.preparedStatement_execute(FilterEventAdapter.java:440) ~[druid-1.1.0.jar:1.1.0]
	at com.alibaba.druid.filter.FilterChainImpl.preparedStatement_execute(FilterChainImpl.java:3003) ~[druid-1.1.0.jar:1.1.0]
	at com.alibaba.druid.proxy.jdbc.PreparedStatementProxyImpl.execute(PreparedStatementProxyImpl.java:136) ~[druid-1.1.0.jar:1.1.0]
	at com.alibaba.druid.pool.DruidPooledPreparedStatement.execute(DruidPooledPreparedStatement.java:493) ~[druid-1.1.0.jar:1.1.0]
	at org.apache.ibatis.executor.statement.PreparedStatementHandler.query(PreparedStatementHandler.java:63) ~[mybatis-3.4.5.jar:3.4.5]
	at org.apache.ibatis.executor.statement.RoutingStatementHandler.query(RoutingStatementHandler.java:79) ~[mybatis-3.4.5.jar:3.4.5]
	at org.apache.ibatis.executor.SimpleExecutor.doQuery(SimpleExecutor.java:63) ~[mybatis-3.4.5.jar:3.4.5]
	at org.apache.ibatis.executor.BaseExecutor.queryFromDatabase(BaseExecutor.java:324) ~[mybatis-3.4.5.jar:3.4.5]
	at org.apache.ibatis.executor.BaseExecutor.query(BaseExecutor.java:156) ~[mybatis-3.4.5.jar:3.4.5]
	at org.apache.ibatis.executor.CachingExecutor.query(CachingExecutor.java:109) ~[mybatis-3.4.5.jar:3.4.5]
	at org.apache.ibatis.executor.CachingExecutor.query(CachingExecutor.java:83) ~[mybatis-3.4.5.jar:3.4.5]
	at org.apache.ibatis.session.defaults.DefaultSqlSession.selectList(DefaultSqlSession.java:148) ~[mybatis-3.4.5.jar:3.4.5]
	at org.apache.ibatis.session.defaults.DefaultSqlSession.selectList(DefaultSqlSession.java:141) ~[mybatis-3.4.5.jar:3.4.5]
	at sun.reflect.NativeMethodAccessorImpl.invoke0(Native Method) ~[na:1.8.0_101]
	at sun.reflect.NativeMethodAccessorImpl.invoke(Unknown Source) ~[na:1.8.0_101]
	at sun.reflect.DelegatingMethodAccessorImpl.invoke(Unknown Source) ~[na:1.8.0_101]
	at java.lang.reflect.Method.invoke(Unknown Source) ~[na:1.8.0_101]
	at org.mybatis.spring.SqlSessionTemplate$SqlSessionInterceptor.invoke(SqlSessionTemplate.java:433) ~[mybatis-spring-1.3.1.jar:1.3.1]
	at com.sun.proxy.$Proxy67.selectList(Unknown Source) ~[na:na]
	at org.mybatis.spring.SqlSessionTemplate.selectList(SqlSessionTemplate.java:230) ~[mybatis-spring-1.3.1.jar:1.3.1]
	at org.apache.ibatis.binding.MapperMethod.executeForMany(MapperMethod.java:137) ~[mybatis-3.4.5.jar:3.4.5]
	at org.apache.ibatis.binding.MapperMethod.execute(MapperMethod.java:75) ~[mybatis-3.4.5.jar:3.4.5]
	at org.apache.ibatis.binding.MapperProxy.invoke(MapperProxy.java:59) ~[mybatis-3.4.5.jar:3.4.5]
	at com.sun.proxy.$Proxy68.selectQuestion(Unknown Source) ~[na:na]
	at com.sf.iguess.survey.service.QuestionServiceImpl.findQuestionsBySurveyType(QuestionServiceImpl.java:20) ~[classes/:na]
	at com.sf.iguess.survey.controller.SurveyPageController.questionsView(SurveyPageController.java:31) ~[classes/:na]
	at sun.reflect.NativeMethodAccessorImpl.invoke0(Native Method) ~[na:1.8.0_101]
	at sun.reflect.NativeMethodAccessorImpl.invoke(Unknown Source) ~[na:1.8.0_101]
	at sun.reflect.DelegatingMethodAccessorImpl.invoke(Unknown Source) ~[na:1.8.0_101]
	at java.lang.reflect.Method.invoke(Unknown Source) ~[na:1.8.0_101]
	at org.springframework.web.method.support.InvocableHandlerMethod.doInvoke(InvocableHandlerMethod.java:205) ~[spring-web-4.3.12.RELEASE.jar:4.3.12.RELEASE]
	at org.springframework.web.method.support.InvocableHandlerMethod.invokeForRequest(InvocableHandlerMethod.java:133) ~[spring-web-4.3.12.RELEASE.jar:4.3.12.RELEASE]
	at org.springframework.web.servlet.mvc.method.annotation.ServletInvocableHandlerMethod.invokeAndHandle(ServletInvocableHandlerMethod.java:97) ~[spring-webmvc-4.3.12.RELEASE.jar:4.3.12.RELEASE]
	at org.springframework.web.servlet.mvc.method.annotation.RequestMappingHandlerAdapter.invokeHandlerMethod(RequestMappingHandlerAdapter.java:827) ~[spring-webmvc-4.3.12.RELEASE.jar:4.3.12.RELEASE]
	at org.springframework.web.servlet.mvc.method.annotation.RequestMappingHandlerAdapter.handleInternal(RequestMappingHandlerAdapter.java:738) ~[spring-webmvc-4.3.12.RELEASE.jar:4.3.12.RELEASE]
	at org.springframework.web.servlet.mvc.method.AbstractHandlerMethodAdapter.handle(AbstractHandlerMethodAdapter.java:85) ~[spring-webmvc-4.3.12.RELEASE.jar:4.3.12.RELEASE]
	at org.springframework.web.servlet.DispatcherServlet.doDispatch(DispatcherServlet.java:967) ~[spring-webmvc-4.3.12.RELEASE.jar:4.3.12.RELEASE]
	at org.springframework.web.servlet.DispatcherServlet.doService(DispatcherServlet.java:901) ~[spring-webmvc-4.3.12.RELEASE.jar:4.3.12.RELEASE]
	at org.springframework.web.servlet.FrameworkServlet.processRequest(FrameworkServlet.java:970) ~[spring-webmvc-4.3.12.RELEASE.jar:4.3.12.RELEASE]
	at org.springframework.web.servlet.FrameworkServlet.doGet(FrameworkServlet.java:861) ~[spring-webmvc-4.3.12.RELEASE.jar:4.3.12.RELEASE]
	at javax.servlet.http.HttpServlet.service(HttpServlet.java:635) ~[tomcat-embed-core-8.5.23.jar:8.5.23]
	at org.springframework.web.servlet.FrameworkServlet.service(FrameworkServlet.java:846) ~[spring-webmvc-4.3.12.RELEASE.jar:4.3.12.RELEASE]
	at javax.servlet.http.HttpServlet.service(HttpServlet.java:742) ~[tomcat-embed-core-8.5.23.jar:8.5.23]
	at org.apache.catalina.core.ApplicationFilterChain.internalDoFilter(ApplicationFilterChain.java:231) ~[tomcat-embed-core-8.5.23.jar:8.5.23]
	at org.apache.catalina.core.ApplicationFilterChain.doFilter(ApplicationFilterChain.java:166) ~[tomcat-embed-core-8.5.23.jar:8.5.23]
	at org.apache.tomcat.websocket.server.WsFilter.doFilter(WsFilter.java:52) ~[tomcat-embed-websocket-8.5.23.jar:8.5.23]
	at org.apache.catalina.core.ApplicationFilterChain.internalDoFilter(ApplicationFilterChain.java:193) ~[tomcat-embed-core-8.5.23.jar:8.5.23]
	at org.apache.catalina.core.ApplicationFilterChain.doFilter(ApplicationFilterChain.java:166) ~[tomcat-embed-core-8.5.23.jar:8.5.23]
	at com.alibaba.druid.support.http.WebStatFilter.doFilter(WebStatFilter.java:123) ~[druid-1.1.0.jar:1.1.0]
	at org.apache.catalina.core.ApplicationFilterChain.internalDoFilter(ApplicationFilterChain.java:193) ~[tomcat-embed-core-8.5.23.jar:8.5.23]
	at org.apache.catalina.core.ApplicationFilterChain.doFilter(ApplicationFilterChain.java:166) ~[tomcat-embed-core-8.5.23.jar:8.5.23]
	at org.springframework.web.filter.RequestContextFilter.doFilterInternal(RequestContextFilter.java:99) ~[spring-web-4.3.12.RELEASE.jar:4.3.12.RELEASE]
	at org.springframework.web.filter.OncePerRequestFilter.doFilter(OncePerRequestFilter.java:107) ~[spring-web-4.3.12.RELEASE.jar:4.3.12.RELEASE]
	at org.apache.catalina.core.ApplicationFilterChain.internalDoFilter(ApplicationFilterChain.java:193) ~[tomcat-embed-core-8.5.23.jar:8.5.23]
	at org.apache.catalina.core.ApplicationFilterChain.doFilter(ApplicationFilterChain.java:166) ~[tomcat-embed-core-8.5.23.jar:8.5.23]
	at org.springframework.web.filter.HttpPutFormContentFilter.doFilterInternal(HttpPutFormContentFilter.java:108) ~[spring-web-4.3.12.RELEASE.jar:4.3.12.RELEASE]
	at org.springframework.web.filter.OncePerRequestFilter.doFilter(OncePerRequestFilter.java:107) ~[spring-web-4.3.12.RELEASE.jar:4.3.12.RELEASE]
	at org.apache.catalina.core.ApplicationFilterChain.internalDoFilter(ApplicationFilterChain.java:193) ~[tomcat-embed-core-8.5.23.jar:8.5.23]
	at org.apache.catalina.core.ApplicationFilterChain.doFilter(ApplicationFilterChain.java:166) ~[tomcat-embed-core-8.5.23.jar:8.5.23]
	at org.springframework.web.filter.HiddenHttpMethodFilter.doFilterInternal(HiddenHttpMethodFilter.java:81) ~[spring-web-4.3.12.RELEASE.jar:4.3.12.RELEASE]
	at org.springframework.web.filter.OncePerRequestFilter.doFilter(OncePerRequestFilter.java:107) ~[spring-web-4.3.12.RELEASE.jar:4.3.12.RELEASE]
	at org.apache.catalina.core.ApplicationFilterChain.internalDoFilter(ApplicationFilterChain.java:193) ~[tomcat-embed-core-8.5.23.jar:8.5.23]
	at org.apache.catalina.core.ApplicationFilterChain.doFilter(ApplicationFilterChain.java:166) ~[tomcat-embed-core-8.5.23.jar:8.5.23]
	at org.springframework.web.filter.CharacterEncodingFilter.doFilterInternal(CharacterEncodingFilter.java:197) ~[spring-web-4.3.12.RELEASE.jar:4.3.12.RELEASE]
	at org.springframework.web.filter.OncePerRequestFilter.doFilter(OncePerRequestFilter.java:107) ~[spring-web-4.3.12.RELEASE.jar:4.3.12.RELEASE]
	at org.apache.catalina.core.ApplicationFilterChain.internalDoFilter(ApplicationFilterChain.java:193) ~[tomcat-embed-core-8.5.23.jar:8.5.23]
	at org.apache.catalina.core.ApplicationFilterChain.doFilter(ApplicationFilterChain.java:166) ~[tomcat-embed-core-8.5.23.jar:8.5.23]
	at org.apache.catalina.core.StandardWrapperValve.invoke(StandardWrapperValve.java:199) ~[tomcat-embed-core-8.5.23.jar:8.5.23]
	at org.apache.catalina.core.StandardContextValve.invoke(StandardContextValve.java:96) [tomcat-embed-core-8.5.23.jar:8.5.23]
	at org.apache.catalina.authenticator.AuthenticatorBase.invoke(AuthenticatorBase.java:478) [tomcat-embed-core-8.5.23.jar:8.5.23]
	at org.apache.catalina.core.StandardHostValve.invoke(StandardHostValve.java:140) [tomcat-embed-core-8.5.23.jar:8.5.23]
	at org.apache.catalina.valves.ErrorReportValve.invoke(ErrorReportValve.java:81) [tomcat-embed-core-8.5.23.jar:8.5.23]
	at org.apache.catalina.core.StandardEngineValve.invoke(StandardEngineValve.java:87) [tomcat-embed-core-8.5.23.jar:8.5.23]
	at org.apache.catalina.connector.CoyoteAdapter.service(CoyoteAdapter.java:342) [tomcat-embed-core-8.5.23.jar:8.5.23]
	at org.apache.coyote.http11.Http11Processor.service(Http11Processor.java:803) [tomcat-embed-core-8.5.23.jar:8.5.23]
	at org.apache.coyote.AbstractProcessorLight.process(AbstractProcessorLight.java:66) [tomcat-embed-core-8.5.23.jar:8.5.23]
	at org.apache.coyote.AbstractProtocol$ConnectionHandler.process(AbstractProtocol.java:868) [tomcat-embed-core-8.5.23.jar:8.5.23]
	at org.apache.tomcat.util.net.NioEndpoint$SocketProcessor.doRun(NioEndpoint.java:1459) [tomcat-embed-core-8.5.23.jar:8.5.23]
	at org.apache.tomcat.util.net.SocketProcessorBase.run(SocketProcessorBase.java:49) [tomcat-embed-core-8.5.23.jar:8.5.23]
	at java.util.concurrent.ThreadPoolExecutor.runWorker(Unknown Source) [na:1.8.0_101]
	at java.util.concurrent.ThreadPoolExecutor$Worker.run(Unknown Source) [na:1.8.0_101]
	at org.apache.tomcat.util.threads.TaskThread$WrappingRunnable.run(TaskThread.java:61) [tomcat-embed-core-8.5.23.jar:8.5.23]
	at java.lang.Thread.run(Unknown Source) [na:1.8.0_101]

2017-12-05 11:51:08.241  INFO 3340 --- [restartedMain] com.sf.iguess.survey.Application         : Starting Application on SF00618721A with PID 3340 (E:\match\esg-clpp-core-server-618721\ngsoc-application-survey\smart-webapp-survey\target\classes started by 618721 in E:\match\esg-clpp-core-server-618721\ngsoc-application-survey\smart-webapp-survey)
2017-12-05 11:51:08.244  INFO 3340 --- [restartedMain] com.sf.iguess.survey.Application         : No active profile set, falling back to default profiles: default
2017-12-05 11:51:08.627  INFO 3340 --- [restartedMain] ationConfigEmbeddedWebApplicationContext : Refreshing org.springframework.boot.context.embedded.AnnotationConfigEmbeddedWebApplicationContext@2630ae74: startup date [Tue Dec 05 11:51:08 CST 2017]; root of context hierarchy
2017-12-05 11:51:12.775  INFO 3340 --- [restartedMain] s.b.c.e.t.TomcatEmbeddedServletContainer : Tomcat initialized with port(s): 9090 (http)
2017-12-05 11:51:12.793  INFO 3340 --- [restartedMain] o.apache.catalina.core.StandardService   : Starting service [Tomcat]
2017-12-05 11:51:12.794  INFO 3340 --- [restartedMain] org.apache.catalina.core.StandardEngine  : Starting Servlet Engine: Apache Tomcat/8.5.23
2017-12-05 11:51:13.135  INFO 3340 --- [localhost-startStop-1] o.a.c.c.C.[Tomcat].[localhost].[/]       : Initializing Spring embedded WebApplicationContext
2017-12-05 11:51:13.135  INFO 3340 --- [localhost-startStop-1] o.s.web.context.ContextLoader            : Root WebApplicationContext: initialization completed in 4511 ms
2017-12-05 11:51:13.663  INFO 3340 --- [localhost-startStop-1] o.s.b.w.servlet.ServletRegistrationBean  : Mapping servlet: 'dispatcherServlet' to [/]
2017-12-05 11:51:13.665  INFO 3340 --- [localhost-startStop-1] o.s.b.w.servlet.ServletRegistrationBean  : Mapping servlet: 'statViewServlet' to [/druid/*]
2017-12-05 11:51:13.674  INFO 3340 --- [localhost-startStop-1] o.s.b.w.servlet.FilterRegistrationBean   : Mapping filter: 'characterEncodingFilter' to: [/*]
2017-12-05 11:51:13.675  INFO 3340 --- [localhost-startStop-1] o.s.b.w.servlet.FilterRegistrationBean   : Mapping filter: 'hiddenHttpMethodFilter' to: [/*]
2017-12-05 11:51:13.675  INFO 3340 --- [localhost-startStop-1] o.s.b.w.servlet.FilterRegistrationBean   : Mapping filter: 'httpPutFormContentFilter' to: [/*]
2017-12-05 11:51:13.676  INFO 3340 --- [localhost-startStop-1] o.s.b.w.servlet.FilterRegistrationBean   : Mapping filter: 'requestContextFilter' to: [/*]
2017-12-05 11:51:13.677  INFO 3340 --- [localhost-startStop-1] o.s.b.w.servlet.FilterRegistrationBean   : Mapping filter: 'webStatFilter' to urls: [/*]
2017-12-05 11:51:15.429  INFO 3340 --- [restartedMain] s.w.s.m.m.a.RequestMappingHandlerAdapter : Looking for @ControllerAdvice: org.springframework.boot.context.embedded.AnnotationConfigEmbeddedWebApplicationContext@2630ae74: startup date [Tue Dec 05 11:51:08 CST 2017]; root of context hierarchy
2017-12-05 11:51:15.553  INFO 3340 --- [restartedMain] s.w.s.m.m.a.RequestMappingHandlerMapping : Mapped "{[/html],methods=[GET]}" onto public java.lang.String com.sf.iguess.survey.controller.HtmlController.html()
2017-12-05 11:51:15.556  INFO 3340 --- [restartedMain] s.w.s.m.m.a.RequestMappingHandlerMapping : Mapped "{[/answerPage/postAnswer],methods=[POST]}" onto public com.sf.iguess.response.JsonResult com.sf.iguess.survey.controller.SurveyPageController.postAnswer()
2017-12-05 11:51:15.557  INFO 3340 --- [restartedMain] s.w.s.m.m.a.RequestMappingHandlerMapping : Mapped "{[/answerPage/questionsView],methods=[GET]}" onto public com.sf.iguess.response.JsonResult com.sf.iguess.survey.controller.SurveyPageController.questionsView(java.lang.Integer)
2017-12-05 11:51:15.567  INFO 3340 --- [restartedMain] s.w.s.m.m.a.RequestMappingHandlerMapping : Mapped "{[/templates],methods=[GET]}" onto java.lang.String com.sf.iguess.survey.controller.TemplatesController.templates(javax.servlet.http.HttpServletRequest)
2017-12-05 11:51:15.575  INFO 3340 --- [restartedMain] s.w.s.m.m.a.RequestMappingHandlerMapping : Mapped "{[/error]}" onto public org.springframework.http.ResponseEntity<java.util.Map<java.lang.String, java.lang.Object>> org.springframework.boot.autoconfigure.web.BasicErrorController.error(javax.servlet.http.HttpServletRequest)
2017-12-05 11:51:15.576  INFO 3340 --- [restartedMain] s.w.s.m.m.a.RequestMappingHandlerMapping : Mapped "{[/error],produces=[text/html]}" onto public org.springframework.web.servlet.ModelAndView org.springframework.boot.autoconfigure.web.BasicErrorController.errorHtml(javax.servlet.http.HttpServletRequest,javax.servlet.http.HttpServletResponse)
2017-12-05 11:51:15.656  INFO 3340 --- [restartedMain] o.s.w.s.handler.SimpleUrlHandlerMapping  : Mapped URL path [/webjars/**] onto handler of type [class org.springframework.web.servlet.resource.ResourceHttpRequestHandler]
2017-12-05 11:51:15.656  INFO 3340 --- [restartedMain] o.s.w.s.handler.SimpleUrlHandlerMapping  : Mapped URL path [/**] onto handler of type [class org.springframework.web.servlet.resource.ResourceHttpRequestHandler]
2017-12-05 11:51:15.737  INFO 3340 --- [restartedMain] o.s.w.s.handler.SimpleUrlHandlerMapping  : Mapped URL path [/**/favicon.ico] onto handler of type [class org.springframework.web.servlet.resource.ResourceHttpRequestHandler]
2017-12-05 11:51:16.263  INFO 3340 --- [restartedMain] oConfiguration$WelcomePageHandlerMapping : Adding welcome page: class path resource [static/index.html]
2017-12-05 11:51:16.678  INFO 3340 --- [restartedMain] o.s.b.d.a.OptionalLiveReloadServer       : LiveReload server is running on port 35729
2017-12-05 11:51:17.053  INFO 3340 --- [restartedMain] o.s.j.e.a.AnnotationMBeanExporter        : Registering beans for JMX exposure on startup
2017-12-05 11:51:17.058  INFO 3340 --- [restartedMain] o.s.j.e.a.AnnotationMBeanExporter        : Bean with name 'dataSource' has been autodetected for JMX exposure
2017-12-05 11:51:17.070  INFO 3340 --- [restartedMain] o.s.j.e.a.AnnotationMBeanExporter        : Located MBean 'dataSource': registering with JMX server as MBean [com.alibaba.druid.pool:name=dataSource,type=DruidDataSource]
2017-12-05 11:51:17.162  INFO 3340 --- [restartedMain] s.b.c.e.t.TomcatEmbeddedServletContainer : Tomcat started on port(s): 9090 (http)
2017-12-05 11:51:17.173  INFO 3340 --- [restartedMain] com.sf.iguess.survey.Application         : Started Application in 9.555 seconds (JVM running for 10.816)
2017-12-05 11:52:44.248  INFO 5444 --- [restartedMain] com.sf.iguess.survey.Application         : Starting Application on SF00618721A with PID 5444 (E:\match\esg-clpp-core-server-618721\ngsoc-application-survey\smart-webapp-survey\target\classes started by 618721 in E:\match\esg-clpp-core-server-618721\ngsoc-application-survey\smart-webapp-survey)
2017-12-05 11:52:44.250  INFO 5444 --- [restartedMain] com.sf.iguess.survey.Application         : No active profile set, falling back to default profiles: default
2017-12-05 11:52:45.759  INFO 5444 --- [restartedMain] ationConfigEmbeddedWebApplicationContext : Refreshing org.springframework.boot.context.embedded.AnnotationConfigEmbeddedWebApplicationContext@702e8312: startup date [Tue Dec 05 11:52:45 CST 2017]; root of context hierarchy
2017-12-05 11:54:37.280  INFO 6252 --- [restartedMain] com.sf.iguess.survey.Application         : Starting Application on SF00618721A with PID 6252 (E:\match\esg-clpp-core-server-618721\ngsoc-application-survey\smart-webapp-survey\target\classes started by 618721 in E:\match\esg-clpp-core-server-618721\ngsoc-application-survey\smart-webapp-survey)
2017-12-05 11:54:37.282  INFO 6252 --- [restartedMain] com.sf.iguess.survey.Application         : No active profile set, falling back to default profiles: default
2017-12-05 11:54:37.746  INFO 6252 --- [restartedMain] ationConfigEmbeddedWebApplicationContext : Refreshing org.springframework.boot.context.embedded.AnnotationConfigEmbeddedWebApplicationContext@1293b5ad: startup date [Tue Dec 05 11:54:37 CST 2017]; root of context hierarchy
2017-12-05 11:54:41.767  INFO 6252 --- [restartedMain] s.b.c.e.t.TomcatEmbeddedServletContainer : Tomcat initialized with port(s): 9090 (http)
2017-12-05 11:54:41.793  INFO 6252 --- [restartedMain] o.apache.catalina.core.StandardService   : Starting service [Tomcat]
2017-12-05 11:54:41.795  INFO 6252 --- [restartedMain] org.apache.catalina.core.StandardEngine  : Starting Servlet Engine: Apache Tomcat/8.5.23
2017-12-05 11:54:42.129  INFO 6252 --- [localhost-startStop-1] o.a.c.c.C.[Tomcat].[localhost].[/]       : Initializing Spring embedded WebApplicationContext
2017-12-05 11:54:42.129  INFO 6252 --- [localhost-startStop-1] o.s.web.context.ContextLoader            : Root WebApplicationContext: initialization completed in 4386 ms
2017-12-05 11:54:42.833  INFO 6252 --- [localhost-startStop-1] o.s.b.w.servlet.ServletRegistrationBean  : Mapping servlet: 'dispatcherServlet' to [/]
2017-12-05 11:54:42.835  INFO 6252 --- [localhost-startStop-1] o.s.b.w.servlet.ServletRegistrationBean  : Mapping servlet: 'statViewServlet' to [/druid/*]
2017-12-05 11:54:42.869  INFO 6252 --- [localhost-startStop-1] o.s.b.w.servlet.FilterRegistrationBean   : Mapping filter: 'characterEncodingFilter' to: [/*]
2017-12-05 11:54:42.870  INFO 6252 --- [localhost-startStop-1] o.s.b.w.servlet.FilterRegistrationBean   : Mapping filter: 'hiddenHttpMethodFilter' to: [/*]
2017-12-05 11:54:42.871  INFO 6252 --- [localhost-startStop-1] o.s.b.w.servlet.FilterRegistrationBean   : Mapping filter: 'httpPutFormContentFilter' to: [/*]
2017-12-05 11:54:42.873  INFO 6252 --- [localhost-startStop-1] o.s.b.w.servlet.FilterRegistrationBean   : Mapping filter: 'requestContextFilter' to: [/*]
2017-12-05 11:54:42.873  INFO 6252 --- [localhost-startStop-1] o.s.b.w.servlet.FilterRegistrationBean   : Mapping filter: 'webStatFilter' to urls: [/*]
2017-12-05 11:54:45.258  INFO 6252 --- [restartedMain] s.w.s.m.m.a.RequestMappingHandlerAdapter : Looking for @ControllerAdvice: org.springframework.boot.context.embedded.AnnotationConfigEmbeddedWebApplicationContext@1293b5ad: startup date [Tue Dec 05 11:54:37 CST 2017]; root of context hierarchy
2017-12-05 11:54:45.375  INFO 6252 --- [restartedMain] s.w.s.m.m.a.RequestMappingHandlerMapping : Mapped "{[/html],methods=[GET]}" onto public java.lang.String com.sf.iguess.survey.controller.HtmlController.html()
2017-12-05 11:54:45.378  INFO 6252 --- [restartedMain] s.w.s.m.m.a.RequestMappingHandlerMapping : Mapped "{[/answerPage/postAnswer],methods=[POST]}" onto public com.sf.iguess.response.JsonResult com.sf.iguess.survey.controller.SurveyPageController.postAnswer()
2017-12-05 11:54:45.379  INFO 6252 --- [restartedMain] s.w.s.m.m.a.RequestMappingHandlerMapping : Mapped "{[/answerPage/questionsView],methods=[GET]}" onto public com.sf.iguess.response.JsonResult com.sf.iguess.survey.controller.SurveyPageController.questionsView(java.lang.Integer)
2017-12-05 11:54:45.390  INFO 6252 --- [restartedMain] s.w.s.m.m.a.RequestMappingHandlerMapping : Mapped "{[/templates],methods=[GET]}" onto java.lang.String com.sf.iguess.survey.controller.TemplatesController.templates(javax.servlet.http.HttpServletRequest)
2017-12-05 11:54:45.399  INFO 6252 --- [restartedMain] s.w.s.m.m.a.RequestMappingHandlerMapping : Mapped "{[/error]}" onto public org.springframework.http.ResponseEntity<java.util.Map<java.lang.String, java.lang.Object>> org.springframework.boot.autoconfigure.web.BasicErrorController.error(javax.servlet.http.HttpServletRequest)
2017-12-05 11:54:45.400  INFO 6252 --- [restartedMain] s.w.s.m.m.a.RequestMappingHandlerMapping : Mapped "{[/error],produces=[text/html]}" onto public org.springframework.web.servlet.ModelAndView org.springframework.boot.autoconfigure.web.BasicErrorController.errorHtml(javax.servlet.http.HttpServletRequest,javax.servlet.http.HttpServletResponse)
2017-12-05 11:54:45.468  INFO 6252 --- [restartedMain] o.s.w.s.handler.SimpleUrlHandlerMapping  : Mapped URL path [/webjars/**] onto handler of type [class org.springframework.web.servlet.resource.ResourceHttpRequestHandler]
2017-12-05 11:54:45.468  INFO 6252 --- [restartedMain] o.s.w.s.handler.SimpleUrlHandlerMapping  : Mapped URL path [/**] onto handler of type [class org.springframework.web.servlet.resource.ResourceHttpRequestHandler]
2017-12-05 11:54:45.541  INFO 6252 --- [restartedMain] o.s.w.s.handler.SimpleUrlHandlerMapping  : Mapped URL path [/**/favicon.ico] onto handler of type [class org.springframework.web.servlet.resource.ResourceHttpRequestHandler]
2017-12-05 11:54:46.015  INFO 6252 --- [restartedMain] oConfiguration$WelcomePageHandlerMapping : Adding welcome page: class path resource [static/index.html]
2017-12-05 11:54:46.401  INFO 6252 --- [restartedMain] o.s.b.d.a.OptionalLiveReloadServer       : LiveReload server is running on port 35729
2017-12-05 11:54:46.656  INFO 6252 --- [restartedMain] o.s.j.e.a.AnnotationMBeanExporter        : Registering beans for JMX exposure on startup
2017-12-05 11:54:46.659  INFO 6252 --- [restartedMain] o.s.j.e.a.AnnotationMBeanExporter        : Bean with name 'dataSource' has been autodetected for JMX exposure
2017-12-05 11:54:46.668  INFO 6252 --- [restartedMain] o.s.j.e.a.AnnotationMBeanExporter        : Located MBean 'dataSource': registering with JMX server as MBean [com.alibaba.druid.pool:name=dataSource,type=DruidDataSource]
2017-12-05 11:54:46.899  INFO 6252 --- [restartedMain] s.b.c.e.t.TomcatEmbeddedServletContainer : Tomcat started on port(s): 9090 (http)
2017-12-05 11:54:46.916  INFO 6252 --- [restartedMain] com.sf.iguess.survey.Application         : Started Application in 10.336 seconds (JVM running for 11.45)
2017-12-05 11:54:48.857  INFO 6252 --- [http-nio-9090-exec-8] o.a.c.c.C.[Tomcat].[localhost].[/]       : Initializing Spring FrameworkServlet 'dispatcherServlet'
2017-12-05 11:54:48.858  INFO 6252 --- [http-nio-9090-exec-8] o.s.web.servlet.DispatcherServlet        : FrameworkServlet 'dispatcherServlet': initialization started
2017-12-05 11:54:48.916  INFO 6252 --- [http-nio-9090-exec-8] o.s.web.servlet.DispatcherServlet        : FrameworkServlet 'dispatcherServlet': initialization completed in 58 ms
2017-12-05 11:58:48.646  INFO 6252 --- [Thread-6] ationConfigEmbeddedWebApplicationContext : Closing org.springframework.boot.context.embedded.AnnotationConfigEmbeddedWebApplicationContext@1293b5ad: startup date [Tue Dec 05 11:54:37 CST 2017]; root of context hierarchy
2017-12-05 11:58:48.651  WARN 6252 --- [Thread-6] o.s.b.f.support.DisposableBeanAdapter    : Invocation of destroy method failed on bean with name 'classPathFileSystemWatcher': java.lang.NullPointerException
2017-12-05 11:58:48.654  INFO 6252 --- [Thread-6] o.s.j.e.a.AnnotationMBeanExporter        : Unregistering JMX-exposed beans on shutdown
2017-12-05 11:58:48.655  INFO 6252 --- [Thread-6] o.s.j.e.a.AnnotationMBeanExporter        : Unregistering JMX-exposed beans
2017-12-05 11:58:49.745  INFO 6252 --- [restartedMain] com.sf.iguess.survey.Application         : Starting Application on SF00618721A with PID 6252 (E:\match\esg-clpp-core-server-618721\ngsoc-application-survey\smart-webapp-survey\target\classes started by 618721 in E:\match\esg-clpp-core-server-618721\ngsoc-application-survey\smart-webapp-survey)
2017-12-05 11:58:49.745  INFO 6252 --- [restartedMain] com.sf.iguess.survey.Application         : No active profile set, falling back to default profiles: default
2017-12-05 11:58:49.754  INFO 6252 --- [restartedMain] ationConfigEmbeddedWebApplicationContext : Refreshing org.springframework.boot.context.embedded.AnnotationConfigEmbeddedWebApplicationContext@53913ce6: startup date [Tue Dec 05 11:58:49 CST 2017]; root of context hierarchy
2017-12-05 11:58:50.993  INFO 6252 --- [restartedMain] s.b.c.e.t.TomcatEmbeddedServletContainer : Tomcat initialized with port(s): 9090 (http)
2017-12-05 11:58:50.994  INFO 6252 --- [restartedMain] o.apache.catalina.core.StandardService   : Starting service [Tomcat]
2017-12-05 11:58:50.995  INFO 6252 --- [restartedMain] org.apache.catalina.core.StandardEngine  : Starting Servlet Engine: Apache Tomcat/8.5.23
2017-12-05 11:58:51.073  INFO 6252 --- [localhost-startStop-1] o.a.c.c.C.[Tomcat].[localhost].[/]       : Initializing Spring embedded WebApplicationContext
2017-12-05 11:58:51.074  INFO 6252 --- [localhost-startStop-1] o.s.web.context.ContextLoader            : Root WebApplicationContext: initialization completed in 1320 ms
2017-12-05 11:58:51.141  INFO 6252 --- [localhost-startStop-1] o.s.b.w.servlet.ServletRegistrationBean  : Mapping servlet: 'dispatcherServlet' to [/]
2017-12-05 11:58:51.142  INFO 6252 --- [localhost-startStop-1] o.s.b.w.servlet.ServletRegistrationBean  : Mapping servlet: 'statViewServlet' to [/druid/*]
2017-12-05 11:58:51.142  INFO 6252 --- [localhost-startStop-1] o.s.b.w.servlet.FilterRegistrationBean   : Mapping filter: 'characterEncodingFilter' to: [/*]
2017-12-05 11:58:51.142  INFO 6252 --- [localhost-startStop-1] o.s.b.w.servlet.FilterRegistrationBean   : Mapping filter: 'hiddenHttpMethodFilter' to: [/*]
2017-12-05 11:58:51.142  INFO 6252 --- [localhost-startStop-1] o.s.b.w.servlet.FilterRegistrationBean   : Mapping filter: 'httpPutFormContentFilter' to: [/*]
2017-12-05 11:58:51.143  INFO 6252 --- [localhost-startStop-1] o.s.b.w.servlet.FilterRegistrationBean   : Mapping filter: 'requestContextFilter' to: [/*]
2017-12-05 11:58:51.143  INFO 6252 --- [localhost-startStop-1] o.s.b.w.servlet.FilterRegistrationBean   : Mapping filter: 'webStatFilter' to urls: [/*]
2017-12-05 11:58:51.649  INFO 6252 --- [restartedMain] s.w.s.m.m.a.RequestMappingHandlerAdapter : Looking for @ControllerAdvice: org.springframework.boot.context.embedded.AnnotationConfigEmbeddedWebApplicationContext@53913ce6: startup date [Tue Dec 05 11:58:49 CST 2017]; root of context hierarchy
2017-12-05 11:58:51.661  INFO 6252 --- [restartedMain] s.w.s.m.m.a.RequestMappingHandlerMapping : Mapped "{[/html],methods=[GET]}" onto public java.lang.String com.sf.iguess.survey.controller.HtmlController.html()
2017-12-05 11:58:51.663  INFO 6252 --- [restartedMain] s.w.s.m.m.a.RequestMappingHandlerMapping : Mapped "{[/answerPage/postAnswer],methods=[POST]}" onto public com.sf.iguess.response.JsonResult com.sf.iguess.survey.controller.SurveyPageController.postAnswer()
2017-12-05 11:58:51.663  INFO 6252 --- [restartedMain] s.w.s.m.m.a.RequestMappingHandlerMapping : Mapped "{[/answerPage/questionsView],methods=[GET]}" onto public com.sf.iguess.response.JsonResult com.sf.iguess.survey.controller.SurveyPageController.questionsView(java.lang.Integer)
2017-12-05 11:58:51.664  INFO 6252 --- [restartedMain] s.w.s.m.m.a.RequestMappingHandlerMapping : Mapped "{[/templates],methods=[GET]}" onto java.lang.String com.sf.iguess.survey.controller.TemplatesController.templates(javax.servlet.http.HttpServletRequest)
2017-12-05 11:58:51.678  INFO 6252 --- [restartedMain] s.w.s.m.m.a.RequestMappingHandlerMapping : Mapped "{[/error]}" onto public org.springframework.http.ResponseEntity<java.util.Map<java.lang.String, java.lang.Object>> org.springframework.boot.autoconfigure.web.BasicErrorController.error(javax.servlet.http.HttpServletRequest)
2017-12-05 11:58:51.679  INFO 6252 --- [restartedMain] s.w.s.m.m.a.RequestMappingHandlerMapping : Mapped "{[/error],produces=[text/html]}" onto public org.springframework.web.servlet.ModelAndView org.springframework.boot.autoconfigure.web.BasicErrorController.errorHtml(javax.servlet.http.HttpServletRequest,javax.servlet.http.HttpServletResponse)
2017-12-05 11:58:51.696  INFO 6252 --- [restartedMain] o.s.w.s.handler.SimpleUrlHandlerMapping  : Mapped URL path [/webjars/**] onto handler of type [class org.springframework.web.servlet.resource.ResourceHttpRequestHandler]
2017-12-05 11:58:51.696  INFO 6252 --- [restartedMain] o.s.w.s.handler.SimpleUrlHandlerMapping  : Mapped URL path [/**] onto handler of type [class org.springframework.web.servlet.resource.ResourceHttpRequestHandler]
2017-12-05 11:58:51.717  INFO 6252 --- [restartedMain] o.s.w.s.handler.SimpleUrlHandlerMapping  : Mapped URL path [/**/favicon.ico] onto handler of type [class org.springframework.web.servlet.resource.ResourceHttpRequestHandler]
2017-12-05 11:58:51.749  INFO 6252 --- [restartedMain] oConfiguration$WelcomePageHandlerMapping : Adding welcome page: class path resource [static/index.html]
2017-12-05 11:58:51.844  INFO 6252 --- [restartedMain] o.s.b.d.a.OptionalLiveReloadServer       : LiveReload server is running on port 35729
2017-12-05 11:58:52.054  INFO 6252 --- [restartedMain] o.s.j.e.a.AnnotationMBeanExporter        : Registering beans for JMX exposure on startup
2017-12-05 11:58:52.056  INFO 6252 --- [restartedMain] o.s.j.e.a.AnnotationMBeanExporter        : Bean with name 'dataSource' has been autodetected for JMX exposure
2017-12-05 11:58:52.058  INFO 6252 --- [restartedMain] o.s.j.e.a.AnnotationMBeanExporter        : Located MBean 'dataSource': registering with JMX server as MBean [com.alibaba.druid.pool:name=dataSource,type=DruidDataSource]
2017-12-05 11:58:52.190  INFO 6252 --- [restartedMain] s.b.c.e.t.TomcatEmbeddedServletContainer : Tomcat started on port(s): 9090 (http)
2017-12-05 11:58:52.192  INFO 6252 --- [restartedMain] com.sf.iguess.survey.Application         : Started Application in 2.917 seconds (JVM running for 256.717)
2017-12-05 11:59:00.802  INFO 6252 --- [Thread-10] ationConfigEmbeddedWebApplicationContext : Closing org.springframework.boot.context.embedded.AnnotationConfigEmbeddedWebApplicationContext@53913ce6: startup date [Tue Dec 05 11:58:49 CST 2017]; root of context hierarchy
2017-12-05 11:59:00.813  WARN 6252 --- [Thread-10] o.s.b.f.support.DisposableBeanAdapter    : Invocation of destroy method failed on bean with name 'classPathFileSystemWatcher': java.lang.NullPointerException
2017-12-05 11:59:00.814  INFO 6252 --- [Thread-10] o.s.j.e.a.AnnotationMBeanExporter        : Unregistering JMX-exposed beans on shutdown
2017-12-05 11:59:00.815  INFO 6252 --- [Thread-10] o.s.j.e.a.AnnotationMBeanExporter        : Unregistering JMX-exposed beans
2017-12-05 11:59:01.454  INFO 6252 --- [restartedMain] com.sf.iguess.survey.Application         : Starting Application on SF00618721A with PID 6252 (E:\match\esg-clpp-core-server-618721\ngsoc-application-survey\smart-webapp-survey\target\classes started by 618721 in E:\match\esg-clpp-core-server-618721\ngsoc-application-survey\smart-webapp-survey)
2017-12-05 11:59:01.454  INFO 6252 --- [restartedMain] com.sf.iguess.survey.Application         : No active profile set, falling back to default profiles: default
2017-12-05 11:59:01.463  INFO 6252 --- [restartedMain] ationConfigEmbeddedWebApplicationContext : Refreshing org.springframework.boot.context.embedded.AnnotationConfigEmbeddedWebApplicationContext@479e3193: startup date [Tue Dec 05 11:59:01 CST 2017]; root of context hierarchy
2017-12-05 11:59:02.664  INFO 6252 --- [restartedMain] s.b.c.e.t.TomcatEmbeddedServletContainer : Tomcat initialized with port(s): 9090 (http)
2017-12-05 11:59:02.665  INFO 6252 --- [restartedMain] o.apache.catalina.core.StandardService   : Starting service [Tomcat]
2017-12-05 11:59:02.665  INFO 6252 --- [restartedMain] org.apache.catalina.core.StandardEngine  : Starting Servlet Engine: Apache Tomcat/8.5.23
2017-12-05 11:59:02.738  INFO 6252 --- [localhost-startStop-1] o.a.c.c.C.[Tomcat].[localhost].[/]       : Initializing Spring embedded WebApplicationContext
2017-12-05 11:59:02.739  INFO 6252 --- [localhost-startStop-1] o.s.web.context.ContextLoader            : Root WebApplicationContext: initialization completed in 1276 ms
2017-12-05 11:59:02.793  INFO 6252 --- [localhost-startStop-1] o.s.b.w.servlet.ServletRegistrationBean  : Mapping servlet: 'dispatcherServlet' to [/]
2017-12-05 11:59:02.794  INFO 6252 --- [localhost-startStop-1] o.s.b.w.servlet.ServletRegistrationBean  : Mapping servlet: 'statViewServlet' to [/druid/*]
2017-12-05 11:59:02.795  INFO 6252 --- [localhost-startStop-1] o.s.b.w.servlet.FilterRegistrationBean   : Mapping filter: 'characterEncodingFilter' to: [/*]
2017-12-05 11:59:02.795  INFO 6252 --- [localhost-startStop-1] o.s.b.w.servlet.FilterRegistrationBean   : Mapping filter: 'hiddenHttpMethodFilter' to: [/*]
2017-12-05 11:59:02.795  INFO 6252 --- [localhost-startStop-1] o.s.b.w.servlet.FilterRegistrationBean   : Mapping filter: 'httpPutFormContentFilter' to: [/*]
2017-12-05 11:59:02.795  INFO 6252 --- [localhost-startStop-1] o.s.b.w.servlet.FilterRegistrationBean   : Mapping filter: 'requestContextFilter' to: [/*]
2017-12-05 11:59:02.795  INFO 6252 --- [localhost-startStop-1] o.s.b.w.servlet.FilterRegistrationBean   : Mapping filter: 'webStatFilter' to urls: [/*]
2017-12-05 11:59:03.168  INFO 6252 --- [restartedMain] s.w.s.m.m.a.RequestMappingHandlerAdapter : Looking for @ControllerAdvice: org.springframework.boot.context.embedded.AnnotationConfigEmbeddedWebApplicationContext@479e3193: startup date [Tue Dec 05 11:59:01 CST 2017]; root of context hierarchy
2017-12-05 11:59:03.177  INFO 6252 --- [restartedMain] s.w.s.m.m.a.RequestMappingHandlerMapping : Mapped "{[/html],methods=[GET]}" onto public java.lang.String com.sf.iguess.survey.controller.HtmlController.html()
2017-12-05 11:59:03.178  INFO 6252 --- [restartedMain] s.w.s.m.m.a.RequestMappingHandlerMapping : Mapped "{[/answerPage/postAnswer],methods=[POST]}" onto public com.sf.iguess.response.JsonResult com.sf.iguess.survey.controller.SurveyPageController.postAnswer()
2017-12-05 11:59:03.179  INFO 6252 --- [restartedMain] s.w.s.m.m.a.RequestMappingHandlerMapping : Mapped "{[/answerPage/questionsView],methods=[GET]}" onto public com.sf.iguess.response.JsonResult com.sf.iguess.survey.controller.SurveyPageController.questionsView(java.lang.Integer)
2017-12-05 11:59:03.179  INFO 6252 --- [restartedMain] s.w.s.m.m.a.RequestMappingHandlerMapping : Mapped "{[/templates],methods=[GET]}" onto java.lang.String com.sf.iguess.survey.controller.TemplatesController.templates(javax.servlet.http.HttpServletRequest)
2017-12-05 11:59:03.184  INFO 6252 --- [restartedMain] s.w.s.m.m.a.RequestMappingHandlerMapping : Mapped "{[/error]}" onto public org.springframework.http.ResponseEntity<java.util.Map<java.lang.String, java.lang.Object>> org.springframework.boot.autoconfigure.web.BasicErrorController.error(javax.servlet.http.HttpServletRequest)
2017-12-05 11:59:03.185  INFO 6252 --- [restartedMain] s.w.s.m.m.a.RequestMappingHandlerMapping : Mapped "{[/error],produces=[text/html]}" onto public org.springframework.web.servlet.ModelAndView org.springframework.boot.autoconfigure.web.BasicErrorController.errorHtml(javax.servlet.http.HttpServletRequest,javax.servlet.http.HttpServletResponse)
2017-12-05 11:59:03.197  INFO 6252 --- [restartedMain] o.s.w.s.handler.SimpleUrlHandlerMapping  : Mapped URL path [/webjars/**] onto handler of type [class org.springframework.web.servlet.resource.ResourceHttpRequestHandler]
2017-12-05 11:59:03.197  INFO 6252 --- [restartedMain] o.s.w.s.handler.SimpleUrlHandlerMapping  : Mapped URL path [/**] onto handler of type [class org.springframework.web.servlet.resource.ResourceHttpRequestHandler]
2017-12-05 11:59:03.219  INFO 6252 --- [restartedMain] o.s.w.s.handler.SimpleUrlHandlerMapping  : Mapped URL path [/**/favicon.ico] onto handler of type [class org.springframework.web.servlet.resource.ResourceHttpRequestHandler]
2017-12-05 11:59:03.245  INFO 6252 --- [restartedMain] oConfiguration$WelcomePageHandlerMapping : Adding welcome page: class path resource [static/index.html]
2017-12-05 11:59:03.324  INFO 6252 --- [restartedMain] o.s.b.d.a.OptionalLiveReloadServer       : LiveReload server is running on port 35729
2017-12-05 11:59:03.554  INFO 6252 --- [restartedMain] o.s.j.e.a.AnnotationMBeanExporter        : Registering beans for JMX exposure on startup
2017-12-05 11:59:03.555  INFO 6252 --- [restartedMain] o.s.j.e.a.AnnotationMBeanExporter        : Bean with name 'dataSource' has been autodetected for JMX exposure
2017-12-05 11:59:03.558  INFO 6252 --- [restartedMain] o.s.j.e.a.AnnotationMBeanExporter        : Located MBean 'dataSource': registering with JMX server as MBean [com.alibaba.druid.pool:name=dataSource,type=DruidDataSource]
2017-12-05 11:59:03.619  INFO 6252 --- [restartedMain] s.b.c.e.t.TomcatEmbeddedServletContainer : Tomcat started on port(s): 9090 (http)
2017-12-05 11:59:03.621  INFO 6252 --- [restartedMain] com.sf.iguess.survey.Application         : Started Application in 2.239 seconds (JVM running for 268.145)
2017-12-05 11:59:16.373  INFO 6252 --- [Thread-16] ationConfigEmbeddedWebApplicationContext : Closing org.springframework.boot.context.embedded.AnnotationConfigEmbeddedWebApplicationContext@479e3193: startup date [Tue Dec 05 11:59:01 CST 2017]; root of context hierarchy
2017-12-05 11:59:16.379  WARN 6252 --- [Thread-16] o.s.b.f.support.DisposableBeanAdapter    : Invocation of destroy method failed on bean with name 'classPathFileSystemWatcher': java.lang.NullPointerException
2017-12-05 11:59:16.379  INFO 6252 --- [Thread-16] o.s.j.e.a.AnnotationMBeanExporter        : Unregistering JMX-exposed beans on shutdown
2017-12-05 11:59:16.380  INFO 6252 --- [Thread-16] o.s.j.e.a.AnnotationMBeanExporter        : Unregistering JMX-exposed beans
2017-12-05 11:59:16.837  INFO 6252 --- [restartedMain] com.sf.iguess.survey.Application         : Starting Application on SF00618721A with PID 6252 (E:\match\esg-clpp-core-server-618721\ngsoc-application-survey\smart-webapp-survey\target\classes started by 618721 in E:\match\esg-clpp-core-server-618721\ngsoc-application-survey\smart-webapp-survey)
2017-12-05 11:59:16.839  INFO 6252 --- [restartedMain] com.sf.iguess.survey.Application         : No active profile set, falling back to default profiles: default
2017-12-05 11:59:16.842  INFO 6252 --- [restartedMain] ationConfigEmbeddedWebApplicationContext : Refreshing org.springframework.boot.context.embedded.AnnotationConfigEmbeddedWebApplicationContext@4bb6c080: startup date [Tue Dec 05 11:59:16 CST 2017]; root of context hierarchy
2017-12-05 11:59:18.005  INFO 6252 --- [restartedMain] s.b.c.e.t.TomcatEmbeddedServletContainer : Tomcat initialized with port(s): 9090 (http)
2017-12-05 11:59:18.006  INFO 6252 --- [restartedMain] o.apache.catalina.core.StandardService   : Starting service [Tomcat]
2017-12-05 11:59:18.007  INFO 6252 --- [restartedMain] org.apache.catalina.core.StandardEngine  : Starting Servlet Engine: Apache Tomcat/8.5.23
2017-12-05 11:59:18.089  INFO 6252 --- [localhost-startStop-1] o.a.c.c.C.[Tomcat].[localhost].[/]       : Initializing Spring embedded WebApplicationContext
2017-12-05 11:59:18.090  INFO 6252 --- [localhost-startStop-1] o.s.web.context.ContextLoader            : Root WebApplicationContext: initialization completed in 1248 ms
2017-12-05 11:59:18.147  INFO 6252 --- [localhost-startStop-1] o.s.b.w.servlet.ServletRegistrationBean  : Mapping servlet: 'dispatcherServlet' to [/]
2017-12-05 11:59:18.149  INFO 6252 --- [localhost-startStop-1] o.s.b.w.servlet.ServletRegistrationBean  : Mapping servlet: 'statViewServlet' to [/druid/*]
2017-12-05 11:59:18.149  INFO 6252 --- [localhost-startStop-1] o.s.b.w.servlet.FilterRegistrationBean   : Mapping filter: 'characterEncodingFilter' to: [/*]
2017-12-05 11:59:18.149  INFO 6252 --- [localhost-startStop-1] o.s.b.w.servlet.FilterRegistrationBean   : Mapping filter: 'hiddenHttpMethodFilter' to: [/*]
2017-12-05 11:59:18.149  INFO 6252 --- [localhost-startStop-1] o.s.b.w.servlet.FilterRegistrationBean   : Mapping filter: 'httpPutFormContentFilter' to: [/*]
2017-12-05 11:59:18.154  INFO 6252 --- [localhost-startStop-1] o.s.b.w.servlet.FilterRegistrationBean   : Mapping filter: 'requestContextFilter' to: [/*]
2017-12-05 11:59:18.155  INFO 6252 --- [localhost-startStop-1] o.s.b.w.servlet.FilterRegistrationBean   : Mapping filter: 'webStatFilter' to urls: [/*]
2017-12-05 11:59:18.636  INFO 6252 --- [restartedMain] s.w.s.m.m.a.RequestMappingHandlerAdapter : Looking for @ControllerAdvice: org.springframework.boot.context.embedded.AnnotationConfigEmbeddedWebApplicationContext@4bb6c080: startup date [Tue Dec 05 11:59:16 CST 2017]; root of context hierarchy
2017-12-05 11:59:18.650  INFO 6252 --- [restartedMain] s.w.s.m.m.a.RequestMappingHandlerMapping : Mapped "{[/html],methods=[GET]}" onto public java.lang.String com.sf.iguess.survey.controller.HtmlController.html()
2017-12-05 11:59:18.651  INFO 6252 --- [restartedMain] s.w.s.m.m.a.RequestMappingHandlerMapping : Mapped "{[/answerPage/postAnswer],methods=[POST]}" onto public com.sf.iguess.response.JsonResult com.sf.iguess.survey.controller.SurveyPageController.postAnswer()
2017-12-05 11:59:18.651  INFO 6252 --- [restartedMain] s.w.s.m.m.a.RequestMappingHandlerMapping : Mapped "{[/answerPage/questionsView],methods=[GET]}" onto public com.sf.iguess.response.JsonResult com.sf.iguess.survey.controller.SurveyPageController.questionsView(java.lang.Integer)
2017-12-05 11:59:18.652  INFO 6252 --- [restartedMain] s.w.s.m.m.a.RequestMappingHandlerMapping : Mapped "{[/templates],methods=[GET]}" onto java.lang.String com.sf.iguess.survey.controller.TemplatesController.templates(javax.servlet.http.HttpServletRequest)
2017-12-05 11:59:18.656  INFO 6252 --- [restartedMain] s.w.s.m.m.a.RequestMappingHandlerMapping : Mapped "{[/error]}" onto public org.springframework.http.ResponseEntity<java.util.Map<java.lang.String, java.lang.Object>> org.springframework.boot.autoconfigure.web.BasicErrorController.error(javax.servlet.http.HttpServletRequest)
2017-12-05 11:59:18.656  INFO 6252 --- [restartedMain] s.w.s.m.m.a.RequestMappingHandlerMapping : Mapped "{[/error],produces=[text/html]}" onto public org.springframework.web.servlet.ModelAndView org.springframework.boot.autoconfigure.web.BasicErrorController.errorHtml(javax.servlet.http.HttpServletRequest,javax.servlet.http.HttpServletResponse)
2017-12-05 11:59:18.667  INFO 6252 --- [restartedMain] o.s.w.s.handler.SimpleUrlHandlerMapping  : Mapped URL path [/webjars/**] onto handler of type [class org.springframework.web.servlet.resource.ResourceHttpRequestHandler]
2017-12-05 11:59:18.668  INFO 6252 --- [restartedMain] o.s.w.s.handler.SimpleUrlHandlerMapping  : Mapped URL path [/**] onto handler of type [class org.springframework.web.servlet.resource.ResourceHttpRequestHandler]
2017-12-05 11:59:18.682  INFO 6252 --- [restartedMain] o.s.w.s.handler.SimpleUrlHandlerMapping  : Mapped URL path [/**/favicon.ico] onto handler of type [class org.springframework.web.servlet.resource.ResourceHttpRequestHandler]
2017-12-05 11:59:18.705  INFO 6252 --- [restartedMain] oConfiguration$WelcomePageHandlerMapping : Adding welcome page: class path resource [static/index.html]
2017-12-05 11:59:18.778  INFO 6252 --- [restartedMain] o.s.b.d.a.OptionalLiveReloadServer       : LiveReload server is running on port 35729
2017-12-05 11:59:19.018  INFO 6252 --- [restartedMain] o.s.j.e.a.AnnotationMBeanExporter        : Registering beans for JMX exposure on startup
2017-12-05 11:59:19.019  INFO 6252 --- [restartedMain] o.s.j.e.a.AnnotationMBeanExporter        : Bean with name 'dataSource' has been autodetected for JMX exposure
2017-12-05 11:59:19.023  INFO 6252 --- [restartedMain] o.s.j.e.a.AnnotationMBeanExporter        : Located MBean 'dataSource': registering with JMX server as MBean [com.alibaba.druid.pool:name=dataSource,type=DruidDataSource]
2017-12-05 11:59:19.060  INFO 6252 --- [restartedMain] s.b.c.e.t.TomcatEmbeddedServletContainer : Tomcat started on port(s): 9090 (http)
2017-12-05 11:59:19.063  INFO 6252 --- [restartedMain] com.sf.iguess.survey.Application         : Started Application in 2.313 seconds (JVM running for 283.583)
2017-12-05 12:10:21.992  INFO 6252 --- [Thread-22] ationConfigEmbeddedWebApplicationContext : Closing org.springframework.boot.context.embedded.AnnotationConfigEmbeddedWebApplicationContext@4bb6c080: startup date [Tue Dec 05 11:59:16 CST 2017]; root of context hierarchy
2017-12-05 12:10:21.996  WARN 6252 --- [Thread-22] o.s.b.f.support.DisposableBeanAdapter    : Invocation of destroy method failed on bean with name 'classPathFileSystemWatcher': java.lang.NullPointerException
2017-12-05 12:10:21.996  INFO 6252 --- [Thread-22] o.s.j.e.a.AnnotationMBeanExporter        : Unregistering JMX-exposed beans on shutdown
2017-12-05 12:10:21.997  INFO 6252 --- [Thread-22] o.s.j.e.a.AnnotationMBeanExporter        : Unregistering JMX-exposed beans
2017-12-05 12:10:22.532  INFO 6252 --- [restartedMain] com.sf.iguess.survey.Application         : Starting Application on SF00618721A with PID 6252 (E:\match\esg-clpp-core-server-618721\ngsoc-application-survey\smart-webapp-survey\target\classes started by 618721 in E:\match\esg-clpp-core-server-618721\ngsoc-application-survey\smart-webapp-survey)
2017-12-05 12:10:22.533  INFO 6252 --- [restartedMain] com.sf.iguess.survey.Application         : No active profile set, falling back to default profiles: default
2017-12-05 12:10:22.538  INFO 6252 --- [restartedMain] ationConfigEmbeddedWebApplicationContext : Refreshing org.springframework.boot.context.embedded.AnnotationConfigEmbeddedWebApplicationContext@52366351: startup date [Tue Dec 05 12:10:22 CST 2017]; root of context hierarchy
2017-12-05 12:10:23.571  INFO 6252 --- [restartedMain] s.b.c.e.t.TomcatEmbeddedServletContainer : Tomcat initialized with port(s): 9090 (http)
2017-12-05 12:10:23.573  INFO 6252 --- [restartedMain] o.apache.catalina.core.StandardService   : Starting service [Tomcat]
2017-12-05 12:10:23.583  INFO 6252 --- [restartedMain] org.apache.catalina.core.StandardEngine  : Starting Servlet Engine: Apache Tomcat/8.5.23
2017-12-05 12:10:23.675  INFO 6252 --- [localhost-startStop-1] o.a.c.c.C.[Tomcat].[localhost].[/]       : Initializing Spring embedded WebApplicationContext
2017-12-05 12:10:23.676  INFO 6252 --- [localhost-startStop-1] o.s.web.context.ContextLoader            : Root WebApplicationContext: initialization completed in 1138 ms
2017-12-05 12:10:23.745  INFO 6252 --- [localhost-startStop-1] o.s.b.w.servlet.ServletRegistrationBean  : Mapping servlet: 'dispatcherServlet' to [/]
2017-12-05 12:10:23.746  INFO 6252 --- [localhost-startStop-1] o.s.b.w.servlet.ServletRegistrationBean  : Mapping servlet: 'statViewServlet' to [/druid/*]
2017-12-05 12:10:23.746  INFO 6252 --- [localhost-startStop-1] o.s.b.w.servlet.FilterRegistrationBean   : Mapping filter: 'characterEncodingFilter' to: [/*]
2017-12-05 12:10:23.747  INFO 6252 --- [localhost-startStop-1] o.s.b.w.servlet.FilterRegistrationBean   : Mapping filter: 'hiddenHttpMethodFilter' to: [/*]
2017-12-05 12:10:23.747  INFO 6252 --- [localhost-startStop-1] o.s.b.w.servlet.FilterRegistrationBean   : Mapping filter: 'httpPutFormContentFilter' to: [/*]
2017-12-05 12:10:23.747  INFO 6252 --- [localhost-startStop-1] o.s.b.w.servlet.FilterRegistrationBean   : Mapping filter: 'requestContextFilter' to: [/*]
2017-12-05 12:10:23.747  INFO 6252 --- [localhost-startStop-1] o.s.b.w.servlet.FilterRegistrationBean   : Mapping filter: 'webStatFilter' to urls: [/*]
2017-12-05 12:10:24.121  INFO 6252 --- [restartedMain] s.w.s.m.m.a.RequestMappingHandlerAdapter : Looking for @ControllerAdvice: org.springframework.boot.context.embedded.AnnotationConfigEmbeddedWebApplicationContext@52366351: startup date [Tue Dec 05 12:10:22 CST 2017]; root of context hierarchy
2017-12-05 12:10:24.131  INFO 6252 --- [restartedMain] s.w.s.m.m.a.RequestMappingHandlerMapping : Mapped "{[/html],methods=[GET]}" onto public java.lang.String com.sf.iguess.survey.controller.HtmlController.html()
2017-12-05 12:10:24.132  INFO 6252 --- [restartedMain] s.w.s.m.m.a.RequestMappingHandlerMapping : Mapped "{[/answerPage/postAnswer],methods=[POST]}" onto public com.sf.iguess.response.JsonResult com.sf.iguess.survey.controller.SurveyPageController.postAnswer()
2017-12-05 12:10:24.132  INFO 6252 --- [restartedMain] s.w.s.m.m.a.RequestMappingHandlerMapping : Mapped "{[/answerPage/questionsView],methods=[GET]}" onto public com.sf.iguess.response.JsonResult com.sf.iguess.survey.controller.SurveyPageController.questionsView(java.lang.Integer)
2017-12-05 12:10:24.133  INFO 6252 --- [restartedMain] s.w.s.m.m.a.RequestMappingHandlerMapping : Mapped "{[/templates],methods=[GET]}" onto java.lang.String com.sf.iguess.survey.controller.TemplatesController.templates(javax.servlet.http.HttpServletRequest)
2017-12-05 12:10:24.134  INFO 6252 --- [restartedMain] s.w.s.m.m.a.RequestMappingHandlerMapping : Mapped "{[/error]}" onto public org.springframework.http.ResponseEntity<java.util.Map<java.lang.String, java.lang.Object>> org.springframework.boot.autoconfigure.web.BasicErrorController.error(javax.servlet.http.HttpServletRequest)
2017-12-05 12:10:24.135  INFO 6252 --- [restartedMain] s.w.s.m.m.a.RequestMappingHandlerMapping : Mapped "{[/error],produces=[text/html]}" onto public org.springframework.web.servlet.ModelAndView org.springframework.boot.autoconfigure.web.BasicErrorController.errorHtml(javax.servlet.http.HttpServletRequest,javax.servlet.http.HttpServletResponse)
2017-12-05 12:10:24.145  INFO 6252 --- [restartedMain] o.s.w.s.handler.SimpleUrlHandlerMapping  : Mapped URL path [/webjars/**] onto handler of type [class org.springframework.web.servlet.resource.ResourceHttpRequestHandler]
2017-12-05 12:10:24.145  INFO 6252 --- [restartedMain] o.s.w.s.handler.SimpleUrlHandlerMapping  : Mapped URL path [/**] onto handler of type [class org.springframework.web.servlet.resource.ResourceHttpRequestHandler]
2017-12-05 12:10:24.159  INFO 6252 --- [restartedMain] o.s.w.s.handler.SimpleUrlHandlerMapping  : Mapped URL path [/**/favicon.ico] onto handler of type [class org.springframework.web.servlet.resource.ResourceHttpRequestHandler]
2017-12-05 12:10:24.182  INFO 6252 --- [restartedMain] oConfiguration$WelcomePageHandlerMapping : Adding welcome page: class path resource [static/index.html]
2017-12-05 12:10:24.250  INFO 6252 --- [restartedMain] o.s.b.d.a.OptionalLiveReloadServer       : LiveReload server is running on port 35729
2017-12-05 12:10:24.464  INFO 6252 --- [restartedMain] o.s.j.e.a.AnnotationMBeanExporter        : Registering beans for JMX exposure on startup
2017-12-05 12:10:24.465  INFO 6252 --- [restartedMain] o.s.j.e.a.AnnotationMBeanExporter        : Bean with name 'dataSource' has been autodetected for JMX exposure
2017-12-05 12:10:24.467  INFO 6252 --- [restartedMain] o.s.j.e.a.AnnotationMBeanExporter        : Located MBean 'dataSource': registering with JMX server as MBean [com.alibaba.druid.pool:name=dataSource,type=DruidDataSource]
2017-12-05 12:10:24.533  INFO 6252 --- [restartedMain] s.b.c.e.t.TomcatEmbeddedServletContainer : Tomcat started on port(s): 9090 (http)
2017-12-05 12:10:24.536  INFO 6252 --- [restartedMain] com.sf.iguess.survey.Application         : Started Application in 2.073 seconds (JVM running for 948.979)
2017-12-05 12:19:24.291  INFO 6252 --- [Thread-28] ationConfigEmbeddedWebApplicationContext : Closing org.springframework.boot.context.embedded.AnnotationConfigEmbeddedWebApplicationContext@52366351: startup date [Tue Dec 05 12:10:22 CST 2017]; root of context hierarchy
2017-12-05 12:19:24.293  WARN 6252 --- [Thread-28] o.s.b.f.support.DisposableBeanAdapter    : Invocation of destroy method failed on bean with name 'classPathFileSystemWatcher': java.lang.NullPointerException
2017-12-05 12:19:24.294  INFO 6252 --- [Thread-28] o.s.j.e.a.AnnotationMBeanExporter        : Unregistering JMX-exposed beans on shutdown
2017-12-05 12:19:24.297  INFO 6252 --- [Thread-28] o.s.j.e.a.AnnotationMBeanExporter        : Unregistering JMX-exposed beans
2017-12-05 12:19:24.987  INFO 6252 --- [restartedMain] com.sf.iguess.survey.Application         : Starting Application on SF00618721A with PID 6252 (E:\match\esg-clpp-core-server-618721\ngsoc-application-survey\smart-webapp-survey\target\classes started by 618721 in E:\match\esg-clpp-core-server-618721\ngsoc-application-survey\smart-webapp-survey)
2017-12-05 12:19:24.988  INFO 6252 --- [restartedMain] com.sf.iguess.survey.Application         : No active profile set, falling back to default profiles: default
2017-12-05 12:19:24.992  INFO 6252 --- [restartedMain] ationConfigEmbeddedWebApplicationContext : Refreshing org.springframework.boot.context.embedded.AnnotationConfigEmbeddedWebApplicationContext@769a594e: startup date [Tue Dec 05 12:19:24 CST 2017]; root of context hierarchy
2017-12-05 12:19:26.172  INFO 6252 --- [restartedMain] s.b.c.e.t.TomcatEmbeddedServletContainer : Tomcat initialized with port(s): 9090 (http)
2017-12-05 12:19:26.173  INFO 6252 --- [restartedMain] o.apache.catalina.core.StandardService   : Starting service [Tomcat]
2017-12-05 12:19:26.173  INFO 6252 --- [restartedMain] org.apache.catalina.core.StandardEngine  : Starting Servlet Engine: Apache Tomcat/8.5.23
2017-12-05 12:19:26.262  INFO 6252 --- [localhost-startStop-1] o.a.c.c.C.[Tomcat].[localhost].[/]       : Initializing Spring embedded WebApplicationContext
2017-12-05 12:19:26.262  INFO 6252 --- [localhost-startStop-1] o.s.web.context.ContextLoader            : Root WebApplicationContext: initialization completed in 1270 ms
2017-12-05 12:19:26.316  INFO 6252 --- [localhost-startStop-1] o.s.b.w.servlet.ServletRegistrationBean  : Mapping servlet: 'dispatcherServlet' to [/]
2017-12-05 12:19:26.324  INFO 6252 --- [localhost-startStop-1] o.s.b.w.servlet.ServletRegistrationBean  : Mapping servlet: 'statViewServlet' to [/druid/*]
2017-12-05 12:19:26.326  INFO 6252 --- [localhost-startStop-1] o.s.b.w.servlet.FilterRegistrationBean   : Mapping filter: 'characterEncodingFilter' to: [/*]
2017-12-05 12:19:26.326  INFO 6252 --- [localhost-startStop-1] o.s.b.w.servlet.FilterRegistrationBean   : Mapping filter: 'hiddenHttpMethodFilter' to: [/*]
2017-12-05 12:19:26.326  INFO 6252 --- [localhost-startStop-1] o.s.b.w.servlet.FilterRegistrationBean   : Mapping filter: 'httpPutFormContentFilter' to: [/*]
2017-12-05 12:19:26.326  INFO 6252 --- [localhost-startStop-1] o.s.b.w.servlet.FilterRegistrationBean   : Mapping filter: 'requestContextFilter' to: [/*]
2017-12-05 12:19:26.326  INFO 6252 --- [localhost-startStop-1] o.s.b.w.servlet.FilterRegistrationBean   : Mapping filter: 'webStatFilter' to urls: [/*]
2017-12-05 12:19:26.897  INFO 6252 --- [restartedMain] s.w.s.m.m.a.RequestMappingHandlerAdapter : Looking for @ControllerAdvice: org.springframework.boot.context.embedded.AnnotationConfigEmbeddedWebApplicationContext@769a594e: startup date [Tue Dec 05 12:19:24 CST 2017]; root of context hierarchy
2017-12-05 12:19:26.906  INFO 6252 --- [restartedMain] s.w.s.m.m.a.RequestMappingHandlerMapping : Mapped "{[/html],methods=[GET]}" onto public java.lang.String com.sf.iguess.survey.controller.HtmlController.html()
2017-12-05 12:19:26.907  INFO 6252 --- [restartedMain] s.w.s.m.m.a.RequestMappingHandlerMapping : Mapped "{[/answerPage/postAnswer],methods=[POST]}" onto public com.sf.iguess.response.JsonResult com.sf.iguess.survey.controller.SurveyPageController.postAnswer()
2017-12-05 12:19:26.907  INFO 6252 --- [restartedMain] s.w.s.m.m.a.RequestMappingHandlerMapping : Mapped "{[/answerPage/questionsView],methods=[GET]}" onto public com.sf.iguess.response.JsonResult com.sf.iguess.survey.controller.SurveyPageController.questionsView(java.lang.Integer)
2017-12-05 12:19:26.908  INFO 6252 --- [restartedMain] s.w.s.m.m.a.RequestMappingHandlerMapping : Mapped "{[/templates],methods=[GET]}" onto java.lang.String com.sf.iguess.survey.controller.TemplatesController.templates(javax.servlet.http.HttpServletRequest)
2017-12-05 12:19:26.909  INFO 6252 --- [restartedMain] s.w.s.m.m.a.RequestMappingHandlerMapping : Mapped "{[/error]}" onto public org.springframework.http.ResponseEntity<java.util.Map<java.lang.String, java.lang.Object>> org.springframework.boot.autoconfigure.web.BasicErrorController.error(javax.servlet.http.HttpServletRequest)
2017-12-05 12:19:26.910  INFO 6252 --- [restartedMain] s.w.s.m.m.a.RequestMappingHandlerMapping : Mapped "{[/error],produces=[text/html]}" onto public org.springframework.web.servlet.ModelAndView org.springframework.boot.autoconfigure.web.BasicErrorController.errorHtml(javax.servlet.http.HttpServletRequest,javax.servlet.http.HttpServletResponse)
2017-12-05 12:19:26.920  INFO 6252 --- [restartedMain] o.s.w.s.handler.SimpleUrlHandlerMapping  : Mapped URL path [/webjars/**] onto handler of type [class org.springframework.web.servlet.resource.ResourceHttpRequestHandler]
2017-12-05 12:19:26.921  INFO 6252 --- [restartedMain] o.s.w.s.handler.SimpleUrlHandlerMapping  : Mapped URL path [/**] onto handler of type [class org.springframework.web.servlet.resource.ResourceHttpRequestHandler]
2017-12-05 12:19:26.937  INFO 6252 --- [restartedMain] o.s.w.s.handler.SimpleUrlHandlerMapping  : Mapped URL path [/**/favicon.ico] onto handler of type [class org.springframework.web.servlet.resource.ResourceHttpRequestHandler]
2017-12-05 12:19:26.959  INFO 6252 --- [restartedMain] oConfiguration$WelcomePageHandlerMapping : Adding welcome page: class path resource [static/index.html]
2017-12-05 12:19:27.037  INFO 6252 --- [restartedMain] o.s.b.d.a.OptionalLiveReloadServer       : LiveReload server is running on port 35729
2017-12-05 12:19:27.271  INFO 6252 --- [restartedMain] o.s.j.e.a.AnnotationMBeanExporter        : Registering beans for JMX exposure on startup
2017-12-05 12:19:27.272  INFO 6252 --- [restartedMain] o.s.j.e.a.AnnotationMBeanExporter        : Bean with name 'dataSource' has been autodetected for JMX exposure
2017-12-05 12:19:27.274  INFO 6252 --- [restartedMain] o.s.j.e.a.AnnotationMBeanExporter        : Located MBean 'dataSource': registering with JMX server as MBean [com.alibaba.druid.pool:name=dataSource,type=DruidDataSource]
2017-12-05 12:19:27.405  INFO 6252 --- [restartedMain] s.b.c.e.t.TomcatEmbeddedServletContainer : Tomcat started on port(s): 9090 (http)
2017-12-05 12:19:27.407  INFO 6252 --- [restartedMain] com.sf.iguess.survey.Application         : Started Application in 2.586 seconds (JVM running for 1491.834)
